2025-12-10 17:03:18 [info]: --- Máy chủ Express đang chạy tại http://localhost:2105 ---
2025-12-10 17:03:19 [info]: *****************************************************************
2025-12-10 17:03:19 [info]: * Ngrok Tunnel đã sẵn sàng!
2025-12-10 17:03:19 [info]: * LINK CÔNG KHAI: https://84c5d6b84c27.ngrok-free.app
2025-12-10 17:03:19 [info]: *****************************************************************
2025-12-11 14:14:25 [info]: --- Máy chủ Express đang chạy tại http://localhost:2105 ---
2025-12-11 14:14:26 [info]: *****************************************************************
2025-12-11 14:14:26 [info]: * Ngrok Tunnel đã sẵn sàng!
2025-12-11 14:14:26 [info]: * LINK CÔNG KHAI: https://adc7193b8488.ngrok-free.app
2025-12-11 14:14:26 [info]: *****************************************************************
2025-12-11 14:18:43 [info]: --- Máy chủ Express đang chạy tại http://localhost:2105 ---
2025-12-11 14:18:44 [info]: *****************************************************************
2025-12-11 14:18:44 [info]: * Ngrok Tunnel đã sẵn sàng!
2025-12-11 14:18:44 [info]: * LINK CÔNG KHAI: https://bd187e781c1e.ngrok-free.app
2025-12-11 14:18:44 [info]: *****************************************************************
2025-12-11 14:46:23 [info]: --- Máy chủ Express đang chạy tại http://localhost:2105 ---
2025-12-11 14:46:24 [info]: *****************************************************************
2025-12-11 14:46:24 [info]: * Ngrok Tunnel đã sẵn sàng!
2025-12-11 14:46:24 [info]: * LINK CÔNG KHAI: https://948fddd06634.ngrok-free.app
2025-12-11 14:46:24 [info]: *****************************************************************
2025-12-11 15:10:45 [info]: [Socket.IO] Người dùng đã kết nối: vStC5kQlzwEmPdwkAAAB
2025-12-11 15:10:59 [info]: [Socket.IO] Người dùng đã ngắt kết nối: vStC5kQlzwEmPdwkAAAB
2025-12-11 15:10:59 [info]: [Socket.IO] Người dùng đã kết nối: w2bdmjrIu0vn8A1MAAAD
2025-12-11 15:36:04 [info]: [Socket.IO] Người dùng đã kết nối: ksLSK-mtciK2SzSeAAAF
2025-12-11 15:36:22 [info]: [Socket.IO] Người dùng đã kết nối: pDTn4KLr0qZ08gQgAAAH
2025-12-11 15:37:05 [info]: [Socket.IO] Người dùng đã ngắt kết nối: pDTn4KLr0qZ08gQgAAAH
2025-12-11 15:37:33 [info]: [Socket.IO] Người dùng đã kết nối: Nnddnf6_05pyCBy2AAAJ
2025-12-11 15:37:43 [info]: [Socket.IO] Người dùng đã ngắt kết nối: Nnddnf6_05pyCBy2AAAJ
2025-12-11 15:38:16 [info]: [Socket.IO] Người dùng đã kết nối: Pmw1KbhPzd2lmxT9AAAL
2025-12-11 15:38:19 [info]: [Socket.IO] Người dùng đã ngắt kết nối: Pmw1KbhPzd2lmxT9AAAL
